[     354ms] [WARNING] cdn.tailwindcss.com should not be used in production. To use Tailwind CSS in production, install it as a PostCSS plugin or use the Tailwind CLI: https://tailwindcss.com/docs/installation @ https://cdn.tailwindcss.com/?plugins=typography:65
[    1427ms] [WARNING] Alpine Warning: You can't use [x-collapse] without first installing the "Collapse" plugin here: https://alpinejs.dev/plugins/collapse JSHandle@node @ https://cdn.jsdelivr.net/npm/alpinejs@3.x.x/dist/cdn.min.js:4
[  426423ms] [WARNING] cdn.tailwindcss.com should not be used in production. To use Tailwind CSS in production, install it as a PostCSS plugin or use the Tailwind CLI: https://tailwindcss.com/docs/installation @ https://cdn.tailwindcss.com/?plugins=typography:65
[  427039ms] [WARNING] Alpine Warning: You can't use [x-collapse] without first installing the "Collapse" plugin here: https://alpinejs.dev/plugins/collapse JSHandle@node @ https://cdn.jsdelivr.net/npm/alpinejs@3.x.x/dist/cdn.min.js:4
[  432528ms] [WARNING] cdn.tailwindcss.com should not be used in production. To use Tailwind CSS in production, install it as a PostCSS plugin or use the Tailwind CLI: https://tailwindcss.com/docs/installation @ https://cdn.tailwindcss.com/?plugins=typography:65
[  432861ms] [WARNING] Alpine Warning: You can't use [x-collapse] without first installing the "Collapse" plugin here: https://alpinejs.dev/plugins/collapse JSHandle@node @ https://cdn.jsdelivr.net/npm/alpinejs@3.x.x/dist/cdn.min.js:4
[  576437ms] [ERROR] Refresh failed: SyntaxError: Unexpected token '<', "<br />
<b>"... is not valid JSON @ https://ainstein.it/seo-tracking/project/5/keywords?country=US:3379
[  707219ms] [WARNING] cdn.tailwindcss.com should not be used in production. To use Tailwind CSS in production, install it as a PostCSS plugin or use the Tailwind CLI: https://tailwindcss.com/docs/installation @ https://cdn.tailwindcss.com/?plugins=typography:65
[  717481ms] [WARNING] cdn.tailwindcss.com should not be used in production. To use Tailwind CSS in production, install it as a PostCSS plugin or use the Tailwind CLI: https://tailwindcss.com/docs/installation @ https://cdn.tailwindcss.com/?plugins=typography:65
[  725659ms] [WARNING] cdn.tailwindcss.com should not be used in production. To use Tailwind CSS in production, install it as a PostCSS plugin or use the Tailwind CLI: https://tailwindcss.com/docs/installation @ https://cdn.tailwindcss.com/?plugins=typography:65
[  725974ms] [WARNING] Alpine Warning: You can't use [x-collapse] without first installing the "Collapse" plugin here: https://alpinejs.dev/plugins/collapse JSHandle@node @ https://cdn.jsdelivr.net/npm/alpinejs@3.x.x/dist/cdn.min.js:4
[  725975ms] [WARNING] Alpine Warning: You can't use [x-collapse] without first installing the "Collapse" plugin here: https://alpinejs.dev/plugins/collapse JSHandle@node @ https://cdn.jsdelivr.net/npm/alpinejs@3.x.x/dist/cdn.min.js:4
[  725975ms] [WARNING] Alpine Warning: You can't use [x-collapse] without first installing the "Collapse" plugin here: https://alpinejs.dev/plugins/collapse JSHandle@node @ https://cdn.jsdelivr.net/npm/alpinejs@3.x.x/dist/cdn.min.js:4
[  725975ms] [WARNING] Alpine Warning: You can't use [x-collapse] without first installing the "Collapse" plugin here: https://alpinejs.dev/plugins/collapse JSHandle@node @ https://cdn.jsdelivr.net/npm/alpinejs@3.x.x/dist/cdn.min.js:4
[  725976ms] [WARNING] Alpine Warning: You can't use [x-collapse] without first installing the "Collapse" plugin here: https://alpinejs.dev/plugins/collapse JSHandle@node @ https://cdn.jsdelivr.net/npm/alpinejs@3.x.x/dist/cdn.min.js:4
[  725977ms] [WARNING] Alpine Warning: You can't use [x-collapse] without first installing the "Collapse" plugin here: https://alpinejs.dev/plugins/collapse JSHandle@node @ https://cdn.jsdelivr.net/npm/alpinejs@3.x.x/dist/cdn.min.js:4
[  762272ms] [WARNING] cdn.tailwindcss.com should not be used in production. To use Tailwind CSS in production, install it as a PostCSS plugin or use the Tailwind CLI: https://tailwindcss.com/docs/installation @ https://cdn.tailwindcss.com/?plugins=typography:65
[  766934ms] [WARNING] cdn.tailwindcss.com should not be used in production. To use Tailwind CSS in production, install it as a PostCSS plugin or use the Tailwind CLI: https://tailwindcss.com/docs/installation @ https://cdn.tailwindcss.com/?plugins=typography:65
[  767201ms] [WARNING] Alpine Warning: You can't use [x-collapse] without first installing the "Collapse" plugin here: https://alpinejs.dev/plugins/collapse JSHandle@node @ https://cdn.jsdelivr.net/npm/alpinejs@3.x.x/dist/cdn.min.js:4
[  767202ms] [WARNING] Alpine Warning: You can't use [x-collapse] without first installing the "Collapse" plugin here: https://alpinejs.dev/plugins/collapse JSHandle@node @ https://cdn.jsdelivr.net/npm/alpinejs@3.x.x/dist/cdn.min.js:4
[  767203ms] [WARNING] Alpine Warning: You can't use [x-collapse] without first installing the "Collapse" plugin here: https://alpinejs.dev/plugins/collapse JSHandle@node @ https://cdn.jsdelivr.net/npm/alpinejs@3.x.x/dist/cdn.min.js:4
[  767204ms] [WARNING] Alpine Warning: You can't use [x-collapse] without first installing the "Collapse" plugin here: https://alpinejs.dev/plugins/collapse JSHandle@node @ https://cdn.jsdelivr.net/npm/alpinejs@3.x.x/dist/cdn.min.js:4
[  767204ms] [WARNING] Alpine Warning: You can't use [x-collapse] without first installing the "Collapse" plugin here: https://alpinejs.dev/plugins/collapse JSHandle@node @ https://cdn.jsdelivr.net/npm/alpinejs@3.x.x/dist/cdn.min.js:4
[  767204ms] [WARNING] Alpine Warning: You can't use [x-collapse] without first installing the "Collapse" plugin here: https://alpinejs.dev/plugins/collapse JSHandle@node @ https://cdn.jsdelivr.net/npm/alpinejs@3.x.x/dist/cdn.min.js:4
[  837078ms] [WARNING] cdn.tailwindcss.com should not be used in production. To use Tailwind CSS in production, install it as a PostCSS plugin or use the Tailwind CLI: https://tailwindcss.com/docs/installation @ https://cdn.tailwindcss.com/?plugins=typography:65
[  837484ms] [WARNING] Alpine Warning: You can't use [x-collapse] without first installing the "Collapse" plugin here: https://alpinejs.dev/plugins/collapse JSHandle@node @ https://cdn.jsdelivr.net/npm/alpinejs@3.x.x/dist/cdn.min.js:4
[  837485ms] [WARNING] Alpine Warning: You can't use [x-collapse] without first installing the "Collapse" plugin here: https://alpinejs.dev/plugins/collapse JSHandle@node @ https://cdn.jsdelivr.net/npm/alpinejs@3.x.x/dist/cdn.min.js:4
[  837485ms] [WARNING] Alpine Warning: You can't use [x-collapse] without first installing the "Collapse" plugin here: https://alpinejs.dev/plugins/collapse JSHandle@node @ https://cdn.jsdelivr.net/npm/alpinejs@3.x.x/dist/cdn.min.js:4
[  837485ms] [WARNING] Alpine Warning: You can't use [x-collapse] without first installing the "Collapse" plugin here: https://alpinejs.dev/plugins/collapse JSHandle@node @ https://cdn.jsdelivr.net/npm/alpinejs@3.x.x/dist/cdn.min.js:4
[  837485ms] [WARNING] Alpine Warning: You can't use [x-collapse] without first installing the "Collapse" plugin here: https://alpinejs.dev/plugins/collapse JSHandle@node @ https://cdn.jsdelivr.net/npm/alpinejs@3.x.x/dist/cdn.min.js:4
[  837486ms] [WARNING] Alpine Warning: You can't use [x-collapse] without first installing the "Collapse" plugin here: https://alpinejs.dev/plugins/collapse JSHandle@node @ https://cdn.jsdelivr.net/npm/alpinejs@3.x.x/dist/cdn.min.js:4
[  927435ms] [WARNING] cdn.tailwindcss.com should not be used in production. To use Tailwind CSS in production, install it as a PostCSS plugin or use the Tailwind CLI: https://tailwindcss.com/docs/installation @ https://cdn.tailwindcss.com/?plugins=typography:65
[  929591ms] [WARNING] cdn.tailwindcss.com should not be used in production. To use Tailwind CSS in production, install it as a PostCSS plugin or use the Tailwind CLI: https://tailwindcss.com/docs/installation @ https://cdn.tailwindcss.com/?plugins=typography:65
[  929893ms] [WARNING] Alpine Warning: You can't use [x-collapse] without first installing the "Collapse" plugin here: https://alpinejs.dev/plugins/collapse JSHandle@node @ https://cdn.jsdelivr.net/npm/alpinejs@3.x.x/dist/cdn.min.js:4
[  929895ms] [WARNING] Alpine Warning: You can't use [x-collapse] without first installing the "Collapse" plugin here: https://alpinejs.dev/plugins/collapse JSHandle@node @ https://cdn.jsdelivr.net/npm/alpinejs@3.x.x/dist/cdn.min.js:4
[  929896ms] [WARNING] Alpine Warning: You can't use [x-collapse] without first installing the "Collapse" plugin here: https://alpinejs.dev/plugins/collapse JSHandle@node @ https://cdn.jsdelivr.net/npm/alpinejs@3.x.x/dist/cdn.min.js:4
[  929896ms] [WARNING] Alpine Warning: You can't use [x-collapse] without first installing the "Collapse" plugin here: https://alpinejs.dev/plugins/collapse JSHandle@node @ https://cdn.jsdelivr.net/npm/alpinejs@3.x.x/dist/cdn.min.js:4
[  929896ms] [WARNING] Alpine Warning: You can't use [x-collapse] without first installing the "Collapse" plugin here: https://alpinejs.dev/plugins/collapse JSHandle@node @ https://cdn.jsdelivr.net/npm/alpinejs@3.x.x/dist/cdn.min.js:4
[  929896ms] [WARNING] Alpine Warning: You can't use [x-collapse] without first installing the "Collapse" plugin here: https://alpinejs.dev/plugins/collapse JSHandle@node @ https://cdn.jsdelivr.net/npm/alpinejs@3.x.x/dist/cdn.min.js:4
