[     313ms] [ERROR] Failed to load resource: the server responded with a status of 401 () @ https://www.semrush.com/tracking/landscape/28383622_4196831.html?date_begin=20260224&fid=10474819&domain_1=www.amevista.com&report_mode=domain_1:0
[     766ms] [WARNING] SSO Frontend. You are using old value for defaultActiveTab parameter.
      Please use loginForm instead of login.
      For more information see the documentation. @ https://www.semrush.com/__static__/webpack/semrush-sso-extended-2550.88fedbf0b0080566.js:73
[    1400ms] [WARNING] dataLayerProxy:  prop [[getByName]] is not supported @ https://www.semrush.com/__static__/webpack/data_layer_proxy.f5edd417255928d0.js:1
[    1400ms] [WARNING] dataLayerProxy:  method call is not supported @ https://www.semrush.com/__static__/webpack/data_layer_proxy.f5edd417255928d0.js:1
[    1401ms] [WARNING] dataLayerProxy:  prop [[getByName]] is not supported @ https://www.semrush.com/__static__/webpack/data_layer_proxy.f5edd417255928d0.js:1
[    1401ms] [WARNING] dataLayerProxy:  method call is not supported @ https://www.semrush.com/__static__/webpack/data_layer_proxy.f5edd417255928d0.js:1
[    1401ms] [WARNING] dataLayerProxy:  prop [[getByName]] is not supported @ https://www.semrush.com/__static__/webpack/data_layer_proxy.f5edd417255928d0.js:1
[    1401ms] [WARNING] dataLayerProxy:  method call is not supported @ https://www.semrush.com/__static__/webpack/data_layer_proxy.f5edd417255928d0.js:1
[    1406ms] [WARNING] dataLayerProxy:  prop [[getByName]] is not supported @ https://www.semrush.com/__static__/webpack/data_layer_proxy.f5edd417255928d0.js:1
[    1406ms] [WARNING] dataLayerProxy:  method call is not supported @ https://www.semrush.com/__static__/webpack/data_layer_proxy.f5edd417255928d0.js:1
[    5055ms] [ERROR] Attestation check for Attribution Reporting on https://www.facebook.com failed. @ https://www.semrush.com/tracking/landscape/28383622_4196831.html?date_begin=20260224&fid=10474819&domain_1=www.amevista.com&report_mode=domain_1:0
[    5357ms] [ERROR] Attestation check for Attribution Reporting on https://www.facebook.com failed. @ https://www.semrush.com/tracking/landscape/28383622_4196831.html?date_begin=20260224&fid=10474819&domain_1=www.amevista.com&report_mode=domain_1:0
[    5552ms] [WARNING] dataLayerProxy:  prop [[getByName]] is not supported @ https://www.semrush.com/__static__/webpack/data_layer_proxy.f5edd417255928d0.js:1
[    5552ms] [WARNING] dataLayerProxy:  method call is not supported @ https://www.semrush.com/__static__/webpack/data_layer_proxy.f5edd417255928d0.js:1
[    5553ms] [WARNING] dataLayerProxy:  prop [[getByName]] is not supported @ https://www.semrush.com/__static__/webpack/data_layer_proxy.f5edd417255928d0.js:1
[    5553ms] [WARNING] dataLayerProxy:  method call is not supported @ https://www.semrush.com/__static__/webpack/data_layer_proxy.f5edd417255928d0.js:1
[    5553ms] [WARNING] dataLayerProxy:  prop [[getByName]] is not supported @ https://www.semrush.com/__static__/webpack/data_layer_proxy.f5edd417255928d0.js:1
[    5553ms] [WARNING] dataLayerProxy:  method call is not supported @ https://www.semrush.com/__static__/webpack/data_layer_proxy.f5edd417255928d0.js:1
[    6475ms] [ERROR] Attestation check for Attribution Reporting on https://www.facebook.com failed. @ https://www.semrush.com/login/?src=error_page&redirect_to=%2Ftracking%2Flandscape%2F28383622_4196831.html%3Fdate_begin%3D20260224%26fid%3D10474819%26domain_1%3Dwww.amevista.com%26report_mode%3Ddomain_1:0
[   28179ms] [ERROR] Cross-Origin-Opener-Policy policy would block the window.postMessage call. @ https://accounts.google.com/gsi/client?hl=en:354
[   28179ms] [ERROR] Cross-Origin-Opener-Policy policy would block the window.postMessage call. @ https://accounts.google.com/gsi/client?hl=en:354
[   31000ms] Uncaught (in promise) Error: Container initialization failed as it has already been initialized with a different share scope
    at o (https://static.semrush.com/position-tracking/wizard/remote.js?v=1772534842777:0:1345)
    at o (https://www.semrush.com/tracking/landscape/28383622_4196831.html?date_begin=20260224&fid=10474819&domain_1=www.amevista.com&report_mode=domain_1:4283:9384)
[   31082ms] [WARNING] dataLayerProxy:  prop [[getByName]] is not supported @ https://www.semrush.com/__static__/webpack/data_layer_proxy.f5edd417255928d0.js:1
[   31083ms] [WARNING] dataLayerProxy:  method call is not supported @ https://www.semrush.com/__static__/webpack/data_layer_proxy.f5edd417255928d0.js:1
[   31084ms] [WARNING] dataLayerProxy:  prop [[getByName]] is not supported @ https://www.semrush.com/__static__/webpack/data_layer_proxy.f5edd417255928d0.js:1
[   31084ms] [WARNING] dataLayerProxy:  method call is not supported @ https://www.semrush.com/__static__/webpack/data_layer_proxy.f5edd417255928d0.js:1
[   31084ms] [WARNING] dataLayerProxy:  prop [[getByName]] is not supported @ https://www.semrush.com/__static__/webpack/data_layer_proxy.f5edd417255928d0.js:1
[   31085ms] [WARNING] dataLayerProxy:  method call is not supported @ https://www.semrush.com/__static__/webpack/data_layer_proxy.f5edd417255928d0.js:1
[   31089ms] [WARNING] dataLayerProxy:  prop [[getByName]] is not supported @ https://www.semrush.com/__static__/webpack/data_layer_proxy.f5edd417255928d0.js:1
[   31089ms] [WARNING] dataLayerProxy:  method call is not supported @ https://www.semrush.com/__static__/webpack/data_layer_proxy.f5edd417255928d0.js:1
[   35000ms] [ERROR] Attestation check for Attribution Reporting on https://www.facebook.com failed. @ https://www.semrush.com/tracking/landscape/28383622_4196831.html?date_begin=20260224&fid=10474819&domain_1=www.amevista.com&report_mode=domain_1:0
[   35565ms] [ERROR] Failed to load resource: the server responded with a status of 403 () @ https://www.semrush.com/content/scaler/api/v1.0-plugin/get-articles:0
[   36578ms] [WARNING] Blocked aria-hidden on an element because its descendant retained focus. The focus must not be hidden from assistive technology users. Avoid using aria-hidden on a focused element or its ancestor. Consider using the inert attribute instead, which will also prevent focus. For more details, see the aria-hidden section of the WAI-ARIA specification at https://w3c.github.io/aria/#aria-hidden.
Element with focus: <svg>
Ancestor with aria-hidden: <svg> @ https://www.semrush.com/tracking/landscape/28383622_4196831.html?date_begin=20260224&fid=10474819&domain_1=www.amevista.com&report_mode=domain_1:0
[   85565ms] [WARNING] Blocked aria-hidden on an element because its descendant retained focus. The focus must not be hidden from assistive technology users. Avoid using aria-hidden on a focused element or its ancestor. Consider using the inert attribute instead, which will also prevent focus. For more details, see the aria-hidden section of the WAI-ARIA specification at https://w3c.github.io/aria/#aria-hidden.
Element with focus: <svg>
Ancestor with aria-hidden: <svg> @ https://www.semrush.com/tracking/landscape/28383622_4196831.html?date_begin=20260224&fid=10474819&domain_1=www.amevista.com&report_mode=domain_1:0
