[     589ms] [WARNING] cdn.tailwindcss.com should not be used in production. To use Tailwind CSS in production, install it as a PostCSS plugin or use the Tailwind CLI: https://tailwindcss.com/docs/installation @ https://cdn.tailwindcss.com/?plugins=typography:65
[     843ms] [WARNING] Alpine Expression Error: showCampaignModal is not defined

Expression: "showCampaignModal"

 JSHandle@node @ https://cdn.jsdelivr.net/npm/alpinejs@3.x.x/dist/cdn.min.js:0
[     871ms] Uncaught ReferenceError: showCampaignModal is not defined
    at [Alpine] showCampaignModal (:2:31)
    at <anonymous> (https://cdn.jsdelivr.net/npm/alpinejs@3.x.x/dist/cdn.min.js:4:1152)
    at ur (https://cdn.jsdelivr.net/npm/alpinejs@3.x.x/dist/cdn.min.js:0:5137)
    at <anonymous> (https://cdn.jsdelivr.net/npm/alpinejs@3.x.x/dist/cdn.min.js:4:40292)
    at r (https://cdn.jsdelivr.net/npm/alpinejs@3.x.x/dist/cdn.min.js:4:19535)
    at mn (https://cdn.jsdelivr.net/npm/alpinejs@3.x.x/dist/cdn.min.js:4:19323)
    at D (https://cdn.jsdelivr.net/npm/alpinejs@3.x.x/dist/cdn.min.js:0:463)
    at <anonymous> (https://cdn.jsdelivr.net/npm/alpinejs@3.x.x/dist/cdn.min.js:0:576)
    at <anonymous> (https://cdn.jsdelivr.net/npm/alpinejs@3.x.x/dist/cdn.min.js:4:40286)
    at r (https://cdn.jsdelivr.net/npm/alpinejs@3.x.x/dist/cdn.min.js:4:3069)
    at n (https://cdn.jsdelivr.net/npm/alpinejs@3.x.x/dist/cdn.min.js:4:3099)
    at Er (https://cdn.jsdelivr.net/npm/alpinejs@3.x.x/dist/cdn.min.js:4:3109)
    at S (https://cdn.jsdelivr.net/npm/alpinejs@3.x.x/dist/cdn.min.js:4:5957)
    at <anonymous> (https://cdn.jsdelivr.net/npm/alpinejs@3.x.x/dist/cdn.min.js:4:5321)
    at Tr (https://cdn.jsdelivr.net/npm/alpinejs@3.x.x/dist/cdn.min.js:4:5309)
    at <anonymous> (https://cdn.jsdelivr.net/npm/alpinejs@3.x.x/dist/cdn.min.js:4:41206)
[    7090ms] [WARNING] cdn.tailwindcss.com should not be used in production. To use Tailwind CSS in production, install it as a PostCSS plugin or use the Tailwind CLI: https://tailwindcss.com/docs/installation @ https://cdn.tailwindcss.com/?plugins=typography:65
[    7479ms] [WARNING] Alpine Warning: You can't use [x-collapse] without first installing the "Collapse" plugin here: https://alpinejs.dev/plugins/collapse JSHandle@node @ https://cdn.jsdelivr.net/npm/alpinejs@3.x.x/dist/cdn.min.js:4
[    7480ms] [WARNING] Alpine Warning: You can't use [x-collapse] without first installing the "Collapse" plugin here: https://alpinejs.dev/plugins/collapse JSHandle@node @ https://cdn.jsdelivr.net/npm/alpinejs@3.x.x/dist/cdn.min.js:4
[    7481ms] [WARNING] Alpine Warning: You can't use [x-collapse] without first installing the "Collapse" plugin here: https://alpinejs.dev/plugins/collapse JSHandle@node @ https://cdn.jsdelivr.net/npm/alpinejs@3.x.x/dist/cdn.min.js:4
[    7481ms] [WARNING] Alpine Warning: You can't use [x-collapse] without first installing the "Collapse" plugin here: https://alpinejs.dev/plugins/collapse JSHandle@node @ https://cdn.jsdelivr.net/npm/alpinejs@3.x.x/dist/cdn.min.js:4
[    7481ms] [WARNING] Alpine Warning: You can't use [x-collapse] without first installing the "Collapse" plugin here: https://alpinejs.dev/plugins/collapse JSHandle@node @ https://cdn.jsdelivr.net/npm/alpinejs@3.x.x/dist/cdn.min.js:4
[    7482ms] [WARNING] Alpine Warning: You can't use [x-collapse] without first installing the "Collapse" plugin here: https://alpinejs.dev/plugins/collapse JSHandle@node @ https://cdn.jsdelivr.net/npm/alpinejs@3.x.x/dist/cdn.min.js:4
[    7482ms] [WARNING] Alpine Warning: You can't use [x-collapse] without first installing the "Collapse" plugin here: https://alpinejs.dev/plugins/collapse JSHandle@node @ https://cdn.jsdelivr.net/npm/alpinejs@3.x.x/dist/cdn.min.js:4
[    7482ms] [WARNING] Alpine Warning: You can't use [x-collapse] without first installing the "Collapse" plugin here: https://alpinejs.dev/plugins/collapse JSHandle@node @ https://cdn.jsdelivr.net/npm/alpinejs@3.x.x/dist/cdn.min.js:4
[  199842ms] [WARNING] cdn.tailwindcss.com should not be used in production. To use Tailwind CSS in production, install it as a PostCSS plugin or use the Tailwind CLI: https://tailwindcss.com/docs/installation @ https://cdn.tailwindcss.com/?plugins=typography:65
[  200007ms] [WARNING] Alpine Expression Error: showCampaignModal is not defined

Expression: "showCampaignModal"

 JSHandle@node @ https://cdn.jsdelivr.net/npm/alpinejs@3.x.x/dist/cdn.min.js:0
[  200045ms] Uncaught ReferenceError: showCampaignModal is not defined
    at [Alpine] showCampaignModal (:2:31)
    at <anonymous> (https://cdn.jsdelivr.net/npm/alpinejs@3.x.x/dist/cdn.min.js:4:1152)
    at ur (https://cdn.jsdelivr.net/npm/alpinejs@3.x.x/dist/cdn.min.js:0:5137)
    at <anonymous> (https://cdn.jsdelivr.net/npm/alpinejs@3.x.x/dist/cdn.min.js:4:40292)
    at r (https://cdn.jsdelivr.net/npm/alpinejs@3.x.x/dist/cdn.min.js:4:19535)
    at mn (https://cdn.jsdelivr.net/npm/alpinejs@3.x.x/dist/cdn.min.js:4:19323)
    at D (https://cdn.jsdelivr.net/npm/alpinejs@3.x.x/dist/cdn.min.js:0:463)
    at <anonymous> (https://cdn.jsdelivr.net/npm/alpinejs@3.x.x/dist/cdn.min.js:0:576)
    at <anonymous> (https://cdn.jsdelivr.net/npm/alpinejs@3.x.x/dist/cdn.min.js:4:40286)
    at r (https://cdn.jsdelivr.net/npm/alpinejs@3.x.x/dist/cdn.min.js:4:3069)
    at n (https://cdn.jsdelivr.net/npm/alpinejs@3.x.x/dist/cdn.min.js:4:3099)
    at Er (https://cdn.jsdelivr.net/npm/alpinejs@3.x.x/dist/cdn.min.js:4:3109)
    at S (https://cdn.jsdelivr.net/npm/alpinejs@3.x.x/dist/cdn.min.js:4:5957)
    at <anonymous> (https://cdn.jsdelivr.net/npm/alpinejs@3.x.x/dist/cdn.min.js:4:5321)
    at Tr (https://cdn.jsdelivr.net/npm/alpinejs@3.x.x/dist/cdn.min.js:4:5309)
    at <anonymous> (https://cdn.jsdelivr.net/npm/alpinejs@3.x.x/dist/cdn.min.js:4:41206)
[  202964ms] [WARNING] cdn.tailwindcss.com should not be used in production. To use Tailwind CSS in production, install it as a PostCSS plugin or use the Tailwind CLI: https://tailwindcss.com/docs/installation @ https://cdn.tailwindcss.com/?plugins=typography:65
