[    1186ms] [WARNING] dataLayerProxy:  prop [[getByName]] is not supported @ https://www.semrush.com/__static__/webpack/data_layer_proxy.f5edd417255928d0.js:1
[    1186ms] [WARNING] dataLayerProxy:  method call is not supported @ https://www.semrush.com/__static__/webpack/data_layer_proxy.f5edd417255928d0.js:1
[    1187ms] [WARNING] dataLayerProxy:  prop [[getByName]] is not supported @ https://www.semrush.com/__static__/webpack/data_layer_proxy.f5edd417255928d0.js:1
[    1187ms] [WARNING] dataLayerProxy:  method call is not supported @ https://www.semrush.com/__static__/webpack/data_layer_proxy.f5edd417255928d0.js:1
[    1187ms] [WARNING] dataLayerProxy:  prop [[getByName]] is not supported @ https://www.semrush.com/__static__/webpack/data_layer_proxy.f5edd417255928d0.js:1
[    1187ms] [WARNING] dataLayerProxy:  method call is not supported @ https://www.semrush.com/__static__/webpack/data_layer_proxy.f5edd417255928d0.js:1
[    2010ms] [WARNING] Unsatisfied version 18.3.1 from crossroad of shared singleton module react (required =18.2.0) @ https://static.semrush.com/crossroad/release/4-c8852be9c83b56d46a94.min.js:1
[    2015ms] [WARNING] Unsatisfied version 18.3.1 from crossroad of shared singleton module react-dom (required =18.2.0) @ https://static.semrush.com/crossroad/release/4-c8852be9c83b56d46a94.min.js:1
[    2438ms] [ERROR] window.sm2.user.language is deprecated. It will be removed after December 2025. Use window.sm2.language instead. @ https://static.semrush.com/crossroad/release/4-c8852be9c83b56d46a94.min.js:1
[    3983ms] [ERROR] window.sm2.user.language is deprecated. It will be removed after December 2025. Use window.sm2.language instead. @ https://static.semrush.com/crossroad/release/4-c8852be9c83b56d46a94.min.js:1
[    4456ms] [ERROR] Attestation check for Attribution Reporting on https://www.facebook.com failed. @ https://www.semrush.com/home/:0
[   13973ms] [ERROR] Attestation check for Attribution Reporting on https://www.facebook.com failed. @ https://www.semrush.com/home/:0
[   14669ms] [WARNING] dataLayerProxy:  prop [[getByName]] is not supported @ https://www.semrush.com/__static__/webpack/data_layer_proxy.f5edd417255928d0.js:1
[   14670ms] [WARNING] dataLayerProxy:  method call is not supported @ https://www.semrush.com/__static__/webpack/data_layer_proxy.f5edd417255928d0.js:1
[   14671ms] [WARNING] dataLayerProxy:  prop [[getByName]] is not supported @ https://www.semrush.com/__static__/webpack/data_layer_proxy.f5edd417255928d0.js:1
[   14672ms] [WARNING] dataLayerProxy:  method call is not supported @ https://www.semrush.com/__static__/webpack/data_layer_proxy.f5edd417255928d0.js:1
[   14673ms] [WARNING] dataLayerProxy:  prop [[getByName]] is not supported @ https://www.semrush.com/__static__/webpack/data_layer_proxy.f5edd417255928d0.js:1
[   14674ms] [WARNING] dataLayerProxy:  method call is not supported @ https://www.semrush.com/__static__/webpack/data_layer_proxy.f5edd417255928d0.js:1
[   14695ms] [WARNING] dataLayerProxy:  prop [[getByName]] is not supported @ https://www.semrush.com/__static__/webpack/data_layer_proxy.f5edd417255928d0.js:1
[   14696ms] [WARNING] dataLayerProxy:  method call is not supported @ https://www.semrush.com/__static__/webpack/data_layer_proxy.f5edd417255928d0.js:1
[   19238ms] [ERROR] Attestation check for Attribution Reporting on https://www.facebook.com failed. @ https://www.semrush.com/seo/28383622/?fid=10474819:0
[   27855ms] [ERROR] Attestation check for Attribution Reporting on https://www.facebook.com failed. @ https://www.semrush.com/seo/28383622/?fid=10474819:0
[   28605ms] [ERROR] Attestation check for Attribution Reporting on https://www.facebook.com failed. @ https://www.semrush.com/seo/28383622/?fid=10474819:0
[   29761ms] [WARNING] dataLayerProxy:  prop [[getByName]] is not supported @ https://www.semrush.com/static/index.cbaf481febb1577a9772.js:1
[   29762ms] [WARNING] dataLayerProxy:  method call is not supported @ https://www.semrush.com/static/index.cbaf481febb1577a9772.js:1
[   29764ms] [WARNING] dataLayerProxy:  prop [[getByName]] is not supported @ https://www.semrush.com/static/index.cbaf481febb1577a9772.js:1
[   29765ms] [WARNING] dataLayerProxy:  method call is not supported @ https://www.semrush.com/static/index.cbaf481febb1577a9772.js:1
[   29766ms] [WARNING] dataLayerProxy:  prop [[getByName]] is not supported @ https://www.semrush.com/static/index.cbaf481febb1577a9772.js:1
[   29767ms] [WARNING] dataLayerProxy:  method call is not supported @ https://www.semrush.com/static/index.cbaf481febb1577a9772.js:1
[   30641ms] [ERROR] Attestation check for Attribution Reporting on https://www.facebook.com failed. @ https://www.semrush.com/?l=en&1772650153:0
[   31158ms] [ERROR] Attestation check for Attribution Reporting on https://www.facebook.com failed. @ https://www.semrush.com/?l=en&1772650153:0
[   31328ms] [ERROR] [WebVitalsReporter] Error sending metrics: TypeError: Failed to fetch
    at https://www.semrush.com/static/index.cbaf481febb1577a9772.js:2:60656
    at https://sdk.voyantis.io/d8x0anTvV24UqmERWFnln59AQOsoIyNVo9jf2JY0/vy-cs-sdk.min.js:10:265709
    at https://sdk.voyantis.io/d8x0anTvV24UqmERWFnln59AQOsoIyNVo9jf2JY0/vy-cs-sdk.min.js:1:1918
    at Object.next (https://sdk.voyantis.io/d8x0anTvV24UqmERWFnln59AQOsoIyNVo9jf2JY0/vy-cs-sdk.min.js:1:2023)
    at https://sdk.voyantis.io/d8x0anTvV24UqmERWFnln59AQOsoIyNVo9jf2JY0/vy-cs-sdk.min.js:1:866
    at new Promise (<anonymous>)
    at n (https://sdk.voyantis.io/d8x0anTvV24UqmERWFnln59AQOsoIyNVo9jf2JY0/vy-cs-sdk.min.js:1:611)
    at Ly.window.fetch (https://sdk.voyantis.io/d8x0anTvV24UqmERWFnln59AQOsoIyNVo9jf2JY0/vy-cs-sdk.min.js:10:264994)
    at z.sendMetrics (https://www.semrush.com/__static__/webpack/smrwv.8c9f373ccd0d370c.js:2:13212)
    at https://www.semrush.com/__static__/webpack/smrwv.8c9f373ccd0d370c.js:2:10116 @ https://www.semrush.com/static/index.cbaf481febb1577a9772.js:1
[   31459ms] [WARNING] dataLayerProxy:  prop [[getByName]] is not supported @ https://www.semrush.com/__static__/webpack/data_layer_proxy.f5edd417255928d0.js:1
[   31460ms] [WARNING] dataLayerProxy:  method call is not supported @ https://www.semrush.com/__static__/webpack/data_layer_proxy.f5edd417255928d0.js:1
[   31461ms] [WARNING] dataLayerProxy:  prop [[getByName]] is not supported @ https://www.semrush.com/__static__/webpack/data_layer_proxy.f5edd417255928d0.js:1
[   31461ms] [WARNING] dataLayerProxy:  method call is not supported @ https://www.semrush.com/__static__/webpack/data_layer_proxy.f5edd417255928d0.js:1
[   31461ms] [WARNING] dataLayerProxy:  prop [[getByName]] is not supported @ https://www.semrush.com/__static__/webpack/data_layer_proxy.f5edd417255928d0.js:1
[   31461ms] [WARNING] dataLayerProxy:  method call is not supported @ https://www.semrush.com/__static__/webpack/data_layer_proxy.f5edd417255928d0.js:1
[   32735ms] [ERROR] Attestation check for Attribution Reporting on https://www.facebook.com failed. @ https://www.semrush.com/login/?src=header&redirect_to=%2F%3Fl%3Den%261772650153:0
[   40806ms] [ERROR] Attestation check for Attribution Reporting on https://region1.google-analytics.com failed. @ https://www.semrush.com/login/?src=header&redirect_to=%2F%3Fl%3Den%261772650153:0
[   41752ms] [ERROR] Attestation check for Attribution Reporting on https://www.facebook.com failed. @ https://www.semrush.com/login/?src=header&redirect_to=%2F%3Fl%3Den%261772650153:0
[   45360ms] [WARNING] dataLayerProxy:  prop [[getByName]] is not supported @ https://it.semrush.com/__static__/webpack/data_layer_proxy.f5edd417255928d0.js:1
[   45361ms] [WARNING] dataLayerProxy:  method call is not supported @ https://it.semrush.com/__static__/webpack/data_layer_proxy.f5edd417255928d0.js:1
[   45362ms] [WARNING] dataLayerProxy:  prop [[getByName]] is not supported @ https://it.semrush.com/__static__/webpack/data_layer_proxy.f5edd417255928d0.js:1
[   45362ms] [WARNING] dataLayerProxy:  method call is not supported @ https://it.semrush.com/__static__/webpack/data_layer_proxy.f5edd417255928d0.js:1
[   45363ms] [WARNING] dataLayerProxy:  prop [[getByName]] is not supported @ https://it.semrush.com/__static__/webpack/data_layer_proxy.f5edd417255928d0.js:1
[   45363ms] [WARNING] dataLayerProxy:  method call is not supported @ https://it.semrush.com/__static__/webpack/data_layer_proxy.f5edd417255928d0.js:1
[   46717ms] [WARNING] Unsatisfied version 18.3.1 from crossroad of shared singleton module react (required =18.2.0) @ https://static.semrush.com/crossroad/release/4-c8852be9c83b56d46a94.min.js:1
[   46723ms] [WARNING] Unsatisfied version 18.3.1 from crossroad of shared singleton module react-dom (required =18.2.0) @ https://static.semrush.com/crossroad/release/4-c8852be9c83b56d46a94.min.js:1
[   47491ms] [ERROR] Access to fetch at 'https://tags.srv.stackadapt.com/sa.jpeg' from origin 'https://it.semrush.com' has been blocked by CORS policy: The 'Access-Control-Allow-Origin' header has a value 'https://www.semrush.com' that is not equal to the supplied origin. Have the server send the header with a valid value. @ https://it.semrush.com/home/:0
[   47491ms] [ERROR] Failed to load resource: net::ERR_FAILED @ https://tags.srv.stackadapt.com/sa.jpeg:0
[   47713ms] [ERROR] window.sm2.user.language is deprecated. It will be removed after December 2025. Use window.sm2.language instead. @ https://static.semrush.com/crossroad/release/4-c8852be9c83b56d46a94.min.js:1
[   48103ms] [ERROR] window.sm2.user.language is deprecated. It will be removed after December 2025. Use window.sm2.language instead. @ https://static.semrush.com/crossroad/release/4-c8852be9c83b56d46a94.min.js:1
[   49457ms] [ERROR] Attestation check for Attribution Reporting on https://www.facebook.com failed. @ https://it.semrush.com/home/:0
[   67077ms] [ERROR] Failed to load resource: net::ERR_CONNECTION_TIMED_OUT @ https://sentry.semrush.net/api/564/envelope/?sentry_version=7&sentry_key=307cb1d43c5e5c4ca2518645e1d23035&sentry_client=sentry.javascript.react%2F8.55.0:0
[   67323ms] [ERROR] Failed to load resource: net::ERR_CONNECTION_TIMED_OUT @ https://sentry.semrush.net/api/436/envelope/?sentry_key=b905d5f813fc85843ecd73b4a0fe630e&sentry_version=7&sentry_client=sentry.javascript.react%2F7.114.0:0
[  158685ms] [ERROR] Attestation check for Attribution Reporting on https://www.facebook.com failed. @ https://it.semrush.com/home/:0
[  159440ms] [WARNING] dataLayerProxy:  prop [[getByName]] is not supported @ https://it.semrush.com/__static__/webpack/data_layer_proxy.f5edd417255928d0.js:1
[  159441ms] [WARNING] dataLayerProxy:  method call is not supported @ https://it.semrush.com/__static__/webpack/data_layer_proxy.f5edd417255928d0.js:1
[  159442ms] [WARNING] dataLayerProxy:  prop [[getByName]] is not supported @ https://it.semrush.com/__static__/webpack/data_layer_proxy.f5edd417255928d0.js:1
[  159442ms] [WARNING] dataLayerProxy:  method call is not supported @ https://it.semrush.com/__static__/webpack/data_layer_proxy.f5edd417255928d0.js:1
[  159443ms] [WARNING] dataLayerProxy:  prop [[getByName]] is not supported @ https://it.semrush.com/__static__/webpack/data_layer_proxy.f5edd417255928d0.js:1
[  159443ms] [WARNING] dataLayerProxy:  method call is not supported @ https://it.semrush.com/__static__/webpack/data_layer_proxy.f5edd417255928d0.js:1
[  159456ms] [WARNING] dataLayerProxy:  prop [[getByName]] is not supported @ https://it.semrush.com/__static__/webpack/data_layer_proxy.f5edd417255928d0.js:1
[  159457ms] [WARNING] dataLayerProxy:  method call is not supported @ https://it.semrush.com/__static__/webpack/data_layer_proxy.f5edd417255928d0.js:1
[  163662ms] [ERROR] Access to fetch at 'https://tags.srv.stackadapt.com/sa.jpeg' from origin 'https://it.semrush.com' has been blocked by CORS policy: The 'Access-Control-Allow-Origin' header has a value 'https://www.semrush.com' that is not equal to the supplied origin. Have the server send the header with a valid value. @ https://it.semrush.com/seo/20081306/?fid=6325891:0
[  163663ms] [ERROR] Failed to load resource: net::ERR_FAILED @ https://tags.srv.stackadapt.com/sa.jpeg:0
[  164969ms] [ERROR] Attestation check for Attribution Reporting on https://www.facebook.com failed. @ https://it.semrush.com/seo/20081306/?fid=6325891:0
