[     886ms] Uncaught (in promise) Error: Container initialization failed as it has already been initialized with a different share scope
    at o (https://static.semrush.com/position-tracking/wizard/remote.js?v=1772650598713:0:1345)
    at o (https://it.semrush.com/tracking/targets_comparison/20081306_2498153.html?fid=6325891&domain_1=amevista.com&report_mode=domain_1:4302:9408)
[    1565ms] [WARNING] dataLayerProxy:  prop [[getByName]] is not supported @ https://it.semrush.com/__static__/webpack/data_layer_proxy.f5edd417255928d0.js:1
[    1566ms] [WARNING] dataLayerProxy:  method call is not supported @ https://it.semrush.com/__static__/webpack/data_layer_proxy.f5edd417255928d0.js:1
[    1566ms] [WARNING] dataLayerProxy:  prop [[getByName]] is not supported @ https://it.semrush.com/__static__/webpack/data_layer_proxy.f5edd417255928d0.js:1
[    1566ms] [WARNING] dataLayerProxy:  method call is not supported @ https://it.semrush.com/__static__/webpack/data_layer_proxy.f5edd417255928d0.js:1
[    1567ms] [WARNING] dataLayerProxy:  prop [[getByName]] is not supported @ https://it.semrush.com/__static__/webpack/data_layer_proxy.f5edd417255928d0.js:1
[    1567ms] [WARNING] dataLayerProxy:  method call is not supported @ https://it.semrush.com/__static__/webpack/data_layer_proxy.f5edd417255928d0.js:1
[    1573ms] [WARNING] dataLayerProxy:  prop [[getByName]] is not supported @ https://it.semrush.com/__static__/webpack/data_layer_proxy.f5edd417255928d0.js:1
[    1573ms] [WARNING] dataLayerProxy:  method call is not supported @ https://it.semrush.com/__static__/webpack/data_layer_proxy.f5edd417255928d0.js:1
[    2439ms] [ERROR] Access to fetch at 'https://tags.srv.stackadapt.com/sa.jpeg' from origin 'https://it.semrush.com' has been blocked by CORS policy: The 'Access-Control-Allow-Origin' header has a value 'https://www.semrush.com' that is not equal to the supplied origin. Have the server send the header with a valid value. @ https://it.semrush.com/tracking/targets_comparison/20081306_2498153.html?fid=6325891&domain_1=amevista.com&report_mode=domain_1:0
[    2439ms] [ERROR] Failed to load resource: net::ERR_FAILED @ https://tags.srv.stackadapt.com/sa.jpeg:0
[    2620ms] [ERROR] Attestation check for Attribution Reporting on https://www.facebook.com failed. @ https://it.semrush.com/tracking/targets_comparison/20081306_2498153.html?fid=6325891&domain_1=amevista.com&report_mode=domain_1:0
[   13618ms] [WARNING] Blocked aria-hidden on an element because its descendant retained focus. The focus must not be hidden from assistive technology users. Avoid using aria-hidden on a focused element or its ancestor. Consider using the inert attribute instead, which will also prevent focus. For more details, see the aria-hidden section of the WAI-ARIA specification at https://w3c.github.io/aria/#aria-hidden.
Element with focus: <svg>
Ancestor with aria-hidden: <svg> @ https://it.semrush.com/tracking/targets_comparison/20081306_2498153.html?fid=6325891&domain_1=amevista.com&report_mode=domain_1:0
[   33594ms] [ERROR] Attestation check for Attribution Reporting on https://www.facebook.com failed. @ https://it.semrush.com/tracking/targets_comparison/20081306_2498153.html?fid=6325891&domain_1=amevista.com&report_mode=domain_1:0
[   46067ms] [ERROR] Attestation check for Attribution Reporting on https://www.facebook.com failed. @ https://it.semrush.com/tracking/targets_comparison/20081306_2498153.html?fid=6325891&domain_1=amevista.com&report_mode=domain_1:0
[   46937ms] [WARNING] [DEV] get Hashes without id {} @ https://static.semrush.com/position-tracking/wizard/1.72.1/167.5df9f17835914539b36d.js:1
[  102057ms] [ERROR] Attestation check for Attribution Reporting on https://www.facebook.com failed. @ https://it.semrush.com/tracking/targets_comparison/20081306_2498153.html?fid=6325891&domain_1=amevista.com&report_mode=domain_1:0
[  113262ms] [ERROR] Attestation check for Attribution Reporting on https://www.facebook.com failed. @ https://it.semrush.com/tracking/targets_comparison/20081306_2498153.html?fid=6325891&domain_1=amevista.com&report_mode=domain_1:0
[  137315ms] [ERROR] Attestation check for Attribution Reporting on https://www.facebook.com failed. @ https://it.semrush.com/tracking/targets_comparison/20081306_2498153.html?fid=6325891&domain_1=amevista.com&report_mode=domain_1:0
[  159084ms] [ERROR] Attestation check for Attribution Reporting on https://www.facebook.com failed. @ https://it.semrush.com/tracking/targets_comparison/20081306_2498153.html?fid=6325891&domain_1=amevista.com&report_mode=domain_1:0
[  172353ms] [ERROR] Attestation check for Attribution Reporting on https://www.facebook.com failed. @ https://it.semrush.com/tracking/targets_comparison/20081306_2498153.html?fid=6325891&domain_1=amevista.com&report_mode=domain_1:0
[  173653ms] [WARNING] dataLayerProxy:  prop [[getByName]] is not supported @ https://it.semrush.com/__static__/webpack/data_layer_proxy.f5edd417255928d0.js:1
[  173654ms] [WARNING] dataLayerProxy:  method call is not supported @ https://it.semrush.com/__static__/webpack/data_layer_proxy.f5edd417255928d0.js:1
[  173656ms] [WARNING] dataLayerProxy:  prop [[getByName]] is not supported @ https://it.semrush.com/__static__/webpack/data_layer_proxy.f5edd417255928d0.js:1
[  173656ms] [WARNING] dataLayerProxy:  method call is not supported @ https://it.semrush.com/__static__/webpack/data_layer_proxy.f5edd417255928d0.js:1
[  173657ms] [WARNING] dataLayerProxy:  prop [[getByName]] is not supported @ https://it.semrush.com/__static__/webpack/data_layer_proxy.f5edd417255928d0.js:1
[  173657ms] [WARNING] dataLayerProxy:  method call is not supported @ https://it.semrush.com/__static__/webpack/data_layer_proxy.f5edd417255928d0.js:1
[  173665ms] [WARNING] dataLayerProxy:  prop [[getByName]] is not supported @ https://it.semrush.com/__static__/webpack/data_layer_proxy.f5edd417255928d0.js:1
[  173665ms] [WARNING] dataLayerProxy:  method call is not supported @ https://it.semrush.com/__static__/webpack/data_layer_proxy.f5edd417255928d0.js:1
[  173750ms] Uncaught (in promise) Error: Container initialization failed as it has already been initialized with a different share scope
    at o (https://static.semrush.com/position-tracking/wizard/remote.js?v=1772650771668:0:1345)
    at o (https://it.semrush.com/tracking/landscape/20081306_4358984.html:4302:9408)
[  175108ms] [ERROR] Access to fetch at 'https://tags.srv.stackadapt.com/sa.jpeg' from origin 'https://it.semrush.com' has been blocked by CORS policy: The 'Access-Control-Allow-Origin' header has a value 'https://www.semrush.com' that is not equal to the supplied origin. Have the server send the header with a valid value. @ https://it.semrush.com/tracking/landscape/20081306_4358984.html?fid=6325891:0
[  175108ms] [ERROR] Failed to load resource: net::ERR_FAILED @ https://tags.srv.stackadapt.com/sa.jpeg:0
[  175857ms] [ERROR] Attestation check for Attribution Reporting on https://www.facebook.com failed. @ https://it.semrush.com/tracking/landscape/20081306_4358984.html?fid=6325891&domain_1=amevista.com:0
[  595805ms] [ERROR] Attestation check for Attribution Reporting on https://www.facebook.com failed. @ https://it.semrush.com/tracking/landscape/20081306_4358984.html:0
[  596355ms] [WARNING] dataLayerProxy:  prop [[getByName]] is not supported @ https://it.semrush.com/__static__/webpack/data_layer_proxy.f5edd417255928d0.js:1
[  596355ms] [WARNING] dataLayerProxy:  method call is not supported @ https://it.semrush.com/__static__/webpack/data_layer_proxy.f5edd417255928d0.js:1
[  596356ms] [WARNING] dataLayerProxy:  prop [[getByName]] is not supported @ https://it.semrush.com/__static__/webpack/data_layer_proxy.f5edd417255928d0.js:1
[  596356ms] [WARNING] dataLayerProxy:  method call is not supported @ https://it.semrush.com/__static__/webpack/data_layer_proxy.f5edd417255928d0.js:1
[  596357ms] [WARNING] dataLayerProxy:  prop [[getByName]] is not supported @ https://it.semrush.com/__static__/webpack/data_layer_proxy.f5edd417255928d0.js:1
[  596357ms] [WARNING] dataLayerProxy:  method call is not supported @ https://it.semrush.com/__static__/webpack/data_layer_proxy.f5edd417255928d0.js:1
[  596365ms] [WARNING] dataLayerProxy:  prop [[getByName]] is not supported @ https://it.semrush.com/__static__/webpack/data_layer_proxy.f5edd417255928d0.js:1
[  596365ms] [WARNING] dataLayerProxy:  method call is not supported @ https://it.semrush.com/__static__/webpack/data_layer_proxy.f5edd417255928d0.js:1
[  596509ms] Uncaught (in promise) Error: Container initialization failed as it has already been initialized with a different share scope
    at o (https://static.semrush.com/position-tracking/wizard/remote.js?v=1772651194381:0:1345)
    at o (https://it.semrush.com/tracking/landscape/20081306_4358984.html:4302:9408)
[  597530ms] [ERROR] Access to fetch at 'https://tags.srv.stackadapt.com/sa.jpeg' from origin 'https://it.semrush.com' has been blocked by CORS policy: The 'Access-Control-Allow-Origin' header has a value 'https://www.semrush.com' that is not equal to the supplied origin. Have the server send the header with a valid value. @ https://it.semrush.com/tracking/landscape/20081306_4358984.html:0
[  597531ms] [ERROR] Failed to load resource: net::ERR_FAILED @ https://tags.srv.stackadapt.com/sa.jpeg:0
[  598472ms] [ERROR] Attestation check for Attribution Reporting on https://www.facebook.com failed. @ https://it.semrush.com/tracking/landscape/20081306_4358984.html?domain_1=amevista.com:0
[  598879ms] [ERROR] Attestation check for Attribution Reporting on https://www.facebook.com failed. @ https://it.semrush.com/tracking/landscape/20081306_4358984.html?domain_1=amevista.com:0
[  600309ms] [ERROR] Attestation check for Attribution Reporting on https://www.facebook.com failed. @ https://it.semrush.com/tracking/landscape/20081306_4358984.html?domain_1=amevista.com&fid=6325891:0
[  601948ms] [ERROR] Failed to load resource: the server responded with a status of 403 () @ https://it.semrush.com/content/scaler/api/v1.0-plugin/get-articles:0
