[   10547ms] [WARNING] cdn.tailwindcss.com should not be used in production. To use Tailwind CSS in production, install it as a PostCSS plugin or use the Tailwind CLI: https://tailwindcss.com/docs/installation @ https://cdn.tailwindcss.com/?plugins=typography:65
[   91695ms] [WARNING] cdn.tailwindcss.com should not be used in production. To use Tailwind CSS in production, install it as a PostCSS plugin or use the Tailwind CLI: https://tailwindcss.com/docs/installation @ https://cdn.tailwindcss.com/?plugins=typography:65
[   92193ms] [WARNING] Alpine Expression Error: syncError is not defined

Expression: "syncError ? 'bg-red-50 dark:bg-red-900/90 border-red-200 dark:border-red-800' : 'bg-emerald-50 dark:bg-emerald-900/90 border-emerald-200 dark:border-emerald-800'"

 JSHandle@node @ https://cdn.jsdelivr.net/npm/alpinejs@3.x.x/dist/cdn.min.js:0
[   92193ms] [WARNING] Alpine Expression Error: syncMessage is not defined

Expression: "syncMessage"

 JSHandle@node @ https://cdn.jsdelivr.net/npm/alpinejs@3.x.x/dist/cdn.min.js:0
[   92194ms] [WARNING] Alpine Expression Error: syncError is not defined

Expression: "syncError"

 JSHandle@node @ https://cdn.jsdelivr.net/npm/alpinejs@3.x.x/dist/cdn.min.js:0
[   92194ms] [WARNING] Alpine Expression Error: syncError is not defined

Expression: "!syncError"

 JSHandle@node @ https://cdn.jsdelivr.net/npm/alpinejs@3.x.x/dist/cdn.min.js:0
[   92194ms] [WARNING] Alpine Expression Error: syncError is not defined

Expression: "syncError ? 'text-red-800 dark:text-red-300' : 'text-emerald-800 dark:text-emerald-300'"

 JSHandle@node @ https://cdn.jsdelivr.net/npm/alpinejs@3.x.x/dist/cdn.min.js:0
[   92194ms] [WARNING] Alpine Expression Error: syncMessage is not defined

Expression: "syncMessage"

 JSHandle@node @ https://cdn.jsdelivr.net/npm/alpinejs@3.x.x/dist/cdn.min.js:0
[   92256ms] Uncaught ReferenceError: syncError is not defined
    at [Alpine] syncError ? 'bg-red-50 dark:bg-red-900/90 border-red-200 dark:border-red-800' : 'bg-emerald-50 dark:bg-emerald-900/90 border-emerald-200 dark:border-emerald-800' (:2:31)
    at <anonymous> (https://cdn.jsdelivr.net/npm/alpinejs@3.x.x/dist/cdn.min.js:4:1152)
    at ur (https://cdn.jsdelivr.net/npm/alpinejs@3.x.x/dist/cdn.min.js:0:5137)
    at <anonymous> (https://cdn.jsdelivr.net/npm/alpinejs@3.x.x/dist/cdn.min.js:4:35359)
    at r (https://cdn.jsdelivr.net/npm/alpinejs@3.x.x/dist/cdn.min.js:4:19535)
    at mn (https://cdn.jsdelivr.net/npm/alpinejs@3.x.x/dist/cdn.min.js:4:19323)
    at D (https://cdn.jsdelivr.net/npm/alpinejs@3.x.x/dist/cdn.min.js:0:463)
    at <anonymous> (https://cdn.jsdelivr.net/npm/alpinejs@3.x.x/dist/cdn.min.js:0:576)
    at Pn (https://cdn.jsdelivr.net/npm/alpinejs@3.x.x/dist/cdn.min.js:4:35353)
    at r (https://cdn.jsdelivr.net/npm/alpinejs@3.x.x/dist/cdn.min.js:4:3069)
    at n (https://cdn.jsdelivr.net/npm/alpinejs@3.x.x/dist/cdn.min.js:4:3099)
    at Er (https://cdn.jsdelivr.net/npm/alpinejs@3.x.x/dist/cdn.min.js:4:3109)
    at S (https://cdn.jsdelivr.net/npm/alpinejs@3.x.x/dist/cdn.min.js:4:5957)
    at <anonymous> (https://cdn.jsdelivr.net/npm/alpinejs@3.x.x/dist/cdn.min.js:4:5321)
    at Tr (https://cdn.jsdelivr.net/npm/alpinejs@3.x.x/dist/cdn.min.js:4:5309)
    at <anonymous> (https://cdn.jsdelivr.net/npm/alpinejs@3.x.x/dist/cdn.min.js:4:41206)
[   92257ms] Uncaught ReferenceError: syncMessage is not defined
    at [Alpine] syncMessage (:2:31)
    at <anonymous> (https://cdn.jsdelivr.net/npm/alpinejs@3.x.x/dist/cdn.min.js:4:1152)
    at ur (https://cdn.jsdelivr.net/npm/alpinejs@3.x.x/dist/cdn.min.js:0:5137)
    at <anonymous> (https://cdn.jsdelivr.net/npm/alpinejs@3.x.x/dist/cdn.min.js:4:36790)
    at r (https://cdn.jsdelivr.net/npm/alpinejs@3.x.x/dist/cdn.min.js:4:19535)
    at mn (https://cdn.jsdelivr.net/npm/alpinejs@3.x.x/dist/cdn.min.js:4:19323)
    at D (https://cdn.jsdelivr.net/npm/alpinejs@3.x.x/dist/cdn.min.js:0:463)
    at <anonymous> (https://cdn.jsdelivr.net/npm/alpinejs@3.x.x/dist/cdn.min.js:0:576)
    at <anonymous> (https://cdn.jsdelivr.net/npm/alpinejs@3.x.x/dist/cdn.min.js:4:36784)
    at r (https://cdn.jsdelivr.net/npm/alpinejs@3.x.x/dist/cdn.min.js:4:3069)
    at n (https://cdn.jsdelivr.net/npm/alpinejs@3.x.x/dist/cdn.min.js:4:3099)
    at Er (https://cdn.jsdelivr.net/npm/alpinejs@3.x.x/dist/cdn.min.js:4:3109)
    at S (https://cdn.jsdelivr.net/npm/alpinejs@3.x.x/dist/cdn.min.js:4:5957)
    at <anonymous> (https://cdn.jsdelivr.net/npm/alpinejs@3.x.x/dist/cdn.min.js:4:5321)
    at Tr (https://cdn.jsdelivr.net/npm/alpinejs@3.x.x/dist/cdn.min.js:4:5309)
    at <anonymous> (https://cdn.jsdelivr.net/npm/alpinejs@3.x.x/dist/cdn.min.js:4:41206)
[   92257ms] Uncaught ReferenceError: syncError is not defined
    at [Alpine] syncError (:2:31)
    at <anonymous> (https://cdn.jsdelivr.net/npm/alpinejs@3.x.x/dist/cdn.min.js:4:1152)
    at ur (https://cdn.jsdelivr.net/npm/alpinejs@3.x.x/dist/cdn.min.js:0:5137)
    at <anonymous> (https://cdn.jsdelivr.net/npm/alpinejs@3.x.x/dist/cdn.min.js:4:40292)
    at r (https://cdn.jsdelivr.net/npm/alpinejs@3.x.x/dist/cdn.min.js:4:19535)
    at mn (https://cdn.jsdelivr.net/npm/alpinejs@3.x.x/dist/cdn.min.js:4:19323)
    at D (https://cdn.jsdelivr.net/npm/alpinejs@3.x.x/dist/cdn.min.js:0:463)
    at <anonymous> (https://cdn.jsdelivr.net/npm/alpinejs@3.x.x/dist/cdn.min.js:0:576)
    at <anonymous> (https://cdn.jsdelivr.net/npm/alpinejs@3.x.x/dist/cdn.min.js:4:40286)
    at r (https://cdn.jsdelivr.net/npm/alpinejs@3.x.x/dist/cdn.min.js:4:3069)
    at n (https://cdn.jsdelivr.net/npm/alpinejs@3.x.x/dist/cdn.min.js:4:3099)
    at Er (https://cdn.jsdelivr.net/npm/alpinejs@3.x.x/dist/cdn.min.js:4:3109)
    at S (https://cdn.jsdelivr.net/npm/alpinejs@3.x.x/dist/cdn.min.js:4:5957)
    at <anonymous> (https://cdn.jsdelivr.net/npm/alpinejs@3.x.x/dist/cdn.min.js:4:5321)
    at Tr (https://cdn.jsdelivr.net/npm/alpinejs@3.x.x/dist/cdn.min.js:4:5309)
    at <anonymous> (https://cdn.jsdelivr.net/npm/alpinejs@3.x.x/dist/cdn.min.js:4:41206)
[   92257ms] Uncaught ReferenceError: syncError is not defined
    at [Alpine] !syncError (:2:32)
    at <anonymous> (https://cdn.jsdelivr.net/npm/alpinejs@3.x.x/dist/cdn.min.js:4:1152)
    at ur (https://cdn.jsdelivr.net/npm/alpinejs@3.x.x/dist/cdn.min.js:0:5137)
    at <anonymous> (https://cdn.jsdelivr.net/npm/alpinejs@3.x.x/dist/cdn.min.js:4:40292)
    at r (https://cdn.jsdelivr.net/npm/alpinejs@3.x.x/dist/cdn.min.js:4:19535)
    at mn (https://cdn.jsdelivr.net/npm/alpinejs@3.x.x/dist/cdn.min.js:4:19323)
    at D (https://cdn.jsdelivr.net/npm/alpinejs@3.x.x/dist/cdn.min.js:0:463)
    at <anonymous> (https://cdn.jsdelivr.net/npm/alpinejs@3.x.x/dist/cdn.min.js:0:576)
    at <anonymous> (https://cdn.jsdelivr.net/npm/alpinejs@3.x.x/dist/cdn.min.js:4:40286)
    at r (https://cdn.jsdelivr.net/npm/alpinejs@3.x.x/dist/cdn.min.js:4:3069)
    at n (https://cdn.jsdelivr.net/npm/alpinejs@3.x.x/dist/cdn.min.js:4:3099)
    at Er (https://cdn.jsdelivr.net/npm/alpinejs@3.x.x/dist/cdn.min.js:4:3109)
    at S (https://cdn.jsdelivr.net/npm/alpinejs@3.x.x/dist/cdn.min.js:4:5957)
    at <anonymous> (https://cdn.jsdelivr.net/npm/alpinejs@3.x.x/dist/cdn.min.js:4:5321)
    at Tr (https://cdn.jsdelivr.net/npm/alpinejs@3.x.x/dist/cdn.min.js:4:5309)
    at <anonymous> (https://cdn.jsdelivr.net/npm/alpinejs@3.x.x/dist/cdn.min.js:4:41206)
[   92258ms] Uncaught ReferenceError: syncError is not defined
    at [Alpine] syncError ? 'text-red-800 dark:text-red-300' : 'text-emerald-800 dark:text-emerald-300' (:2:31)
    at <anonymous> (https://cdn.jsdelivr.net/npm/alpinejs@3.x.x/dist/cdn.min.js:4:1152)
    at ur (https://cdn.jsdelivr.net/npm/alpinejs@3.x.x/dist/cdn.min.js:0:5137)
    at <anonymous> (https://cdn.jsdelivr.net/npm/alpinejs@3.x.x/dist/cdn.min.js:4:35359)
    at r (https://cdn.jsdelivr.net/npm/alpinejs@3.x.x/dist/cdn.min.js:4:19535)
    at mn (https://cdn.jsdelivr.net/npm/alpinejs@3.x.x/dist/cdn.min.js:4:19323)
    at D (https://cdn.jsdelivr.net/npm/alpinejs@3.x.x/dist/cdn.min.js:0:463)
    at <anonymous> (https://cdn.jsdelivr.net/npm/alpinejs@3.x.x/dist/cdn.min.js:0:576)
    at Pn (https://cdn.jsdelivr.net/npm/alpinejs@3.x.x/dist/cdn.min.js:4:35353)
    at r (https://cdn.jsdelivr.net/npm/alpinejs@3.x.x/dist/cdn.min.js:4:3069)
    at n (https://cdn.jsdelivr.net/npm/alpinejs@3.x.x/dist/cdn.min.js:4:3099)
    at Er (https://cdn.jsdelivr.net/npm/alpinejs@3.x.x/dist/cdn.min.js:4:3109)
    at S (https://cdn.jsdelivr.net/npm/alpinejs@3.x.x/dist/cdn.min.js:4:5957)
    at <anonymous> (https://cdn.jsdelivr.net/npm/alpinejs@3.x.x/dist/cdn.min.js:4:5321)
    at Tr (https://cdn.jsdelivr.net/npm/alpinejs@3.x.x/dist/cdn.min.js:4:5309)
    at <anonymous> (https://cdn.jsdelivr.net/npm/alpinejs@3.x.x/dist/cdn.min.js:4:41206)
[   92259ms] Uncaught ReferenceError: syncMessage is not defined
    at [Alpine] syncMessage (:2:31)
    at <anonymous> (https://cdn.jsdelivr.net/npm/alpinejs@3.x.x/dist/cdn.min.js:4:1152)
    at ur (https://cdn.jsdelivr.net/npm/alpinejs@3.x.x/dist/cdn.min.js:0:5137)
    at <anonymous> (https://cdn.jsdelivr.net/npm/alpinejs@3.x.x/dist/cdn.min.js:4:34863)
    at r (https://cdn.jsdelivr.net/npm/alpinejs@3.x.x/dist/cdn.min.js:4:19535)
    at mn (https://cdn.jsdelivr.net/npm/alpinejs@3.x.x/dist/cdn.min.js:4:19323)
    at D (https://cdn.jsdelivr.net/npm/alpinejs@3.x.x/dist/cdn.min.js:0:463)
    at <anonymous> (https://cdn.jsdelivr.net/npm/alpinejs@3.x.x/dist/cdn.min.js:0:576)
    at <anonymous> (https://cdn.jsdelivr.net/npm/alpinejs@3.x.x/dist/cdn.min.js:4:34856)
    at r (https://cdn.jsdelivr.net/npm/alpinejs@3.x.x/dist/cdn.min.js:4:3069)
    at n (https://cdn.jsdelivr.net/npm/alpinejs@3.x.x/dist/cdn.min.js:4:3099)
    at Er (https://cdn.jsdelivr.net/npm/alpinejs@3.x.x/dist/cdn.min.js:4:3109)
    at S (https://cdn.jsdelivr.net/npm/alpinejs@3.x.x/dist/cdn.min.js:4:5957)
    at <anonymous> (https://cdn.jsdelivr.net/npm/alpinejs@3.x.x/dist/cdn.min.js:4:5321)
    at Tr (https://cdn.jsdelivr.net/npm/alpinejs@3.x.x/dist/cdn.min.js:4:5309)
    at <anonymous> (https://cdn.jsdelivr.net/npm/alpinejs@3.x.x/dist/cdn.min.js:4:41206)
